<?xml version="1.0" encoding="UTF-8"?>
<!-- Generated by org.testng.reporters.JUnitReportReporter -->
<testsuite hostname="LAPTOP-ELIH5ICV" failures="0" tests="1" name="testCases.TC002_LoginTest" time="2.099" errors="0" timestamp="2025-10-18T14:59:22 IST" skipped="0">
  <testcase classname="testCases.TC002_LoginTest" name="verify_login" time="2.099"/>
</testsuite> <!-- testCases.TC002_LoginTest -->
